Base path: D:/Unity/Editor/Data
Cmd: getPlatforms
Cmd: preprocess
  error: 2 plat 19 at (22): Can't find include file Assets/Plugins/HxVolumetricLighting/BuiltIn-Replacement/HxVolumetricCore.cginc
  insize=1477 outsize=373 ok=0
Cmd: preprocess
  insize=1729 outsize=823 ok=1
Cmd: preprocess
  insize=13073 outsize=670 ok=1
Cmd: preprocess
  insize=10173 outsize=631 ok=1
Cmd: preprocess
  error: 2 plat 19 at (23): Can't find include file Assets/Plugins/HxVolumetricLighting/BuiltIn-Replacement/HxVolumetricCore.cginc
  insize=1519 outsize=424 ok=0
Cmd: preprocess
  insize=1974 outsize=760 ok=1
Cmd: preprocess
  insize=903 outsize=287 ok=1
Cmd: preprocess
  error: 2 plat 19 at (2): Can't find include file Assets/Plugins/HxVolumetricLighting/Resources/Shaders/HxQualitySettings.cginc
  insize=9085 outsize=4743 ok=0
Cmd: preprocess
  error: 2 plat 19 at (4): Can't find include file Assets/Plugins/HxVolumetricLighting/Resources/Shaders/HxQualitySettings.cginc
  insize=22469 outsize=402 ok=0
Cmd: preprocess
  insize=5854 outsize=810 ok=1
Cmd: preprocess
  error: 2 plat 19 at (4): Can't find include file Assets/Plugins/HxVolumetricLighting/Resources/Shaders/HxQualitySettings.cginc
  insize=8036 outsize=1126 ok=0
Cmd: preprocess
  error: 2 plat 19 at (34): Can't find include file Assets/Plugins/HxVolumetricLighting/BuiltIn-Replacement/HxVolumetricCore.cginc
  insize=2995 outsize=1850 ok=0
Cmd: preprocess
  insize=678 outsize=1134 ok=1
Cmd: preprocess
  insize=1235 outsize=1220 ok=1
Cmd: preprocess
  insize=1285 outsize=487 ok=1
Cmd: preprocess
  insize=13953 outsize=1297 ok=1
Cmd: preprocess
  error: 2 plat 19 at (21): Can't find include file Assets/Plugins/HxVolumetricLighting/BuiltIn-Replacement/HxVolumetricCore.cginc
  insize=2263 outsize=428 ok=0
Cmd: preprocess
  insize=864 outsize=248 ok=1
Cmd: preprocess
  insize=1170 outsize=249 ok=1
Cmd: preprocess
  error: 2 plat 19 at (4): Can't find include file Assets/Plugins/HxVolumetricLighting/Resources/Shaders/HxQualitySettings.cginc
  insize=23065 outsize=670 ok=0
Cmd: preprocess
  insize=17572 outsize=916 ok=1
Cmd: preprocess
  error: 2 plat 19 at (47): Can't find include file Assets/Plugins/HxVolumetricLighting/BuiltIn-Replacement/HxVolumetricCore.cginc
  insize=61460 outsize=1771 ok=0
Cmd: preprocess
  error: 2 plat 19 at (23): Can't find include file Assets/Plugins/HxVolumetricLighting/BuiltIn-Replacement/HxVolumetricCore.cginc
  insize=2354 outsize=491 ok=0
Cmd: preprocess
  error: 2 plat 19 at (4): Can't find include file Assets/Plugins/HxVolumetricLighting/Resources/Shaders/HxQualitySettings.cginc
  insize=9870 outsize=462 ok=0
Cmd: compileSnippet
  error: 2 plat 4 at Assets/Plugins/LightingStuff/Resources/Shaders/HxVolumetricLightCore.cginc(4): failed to open source file: 'Assets/Plugins/HxVolumetricLighting/Resources/Shaders/HxQualitySettings.cginc'\nCompiling Vertex program with DENSITYPARTICLES_ON SHADOWS_NATIVE
Platform defines: UNITY_ENABLE_REFLECTION_BUFFERS UNITY_PBS_USE_BRDF1 UNITY_SPECCUBE_BOX_PROJECTION UNITY_SPECCUBE_BLENDING SHADER_API_DESKTOP UNITY_COLORSPACE_GAMMA
  error: 1 plat 4 at D:/Unity/Editor/Data/CGIncludes/HLSLSupport.cginc(236): 'SHADOWS_NATIVE' : macro redefinition\nCompiling Vertex program with DENSITYPARTICLES_ON SHADOWS_NATIVE
Platform defines: UNITY_ENABLE_REFLECTION_BUFFERS UNITY_PBS_USE_BRDF1 UNITY_SPECCUBE_BOX_PROJECTION UNITY_SPECCUBE_BLENDING SHADER_API_DESKTOP UNITY_COLORSPACE_GAMMA
  api=4 type=0 insize=22311 outsize=0 kw=DENSITYPARTICLES_ON SHADOWS_NATIVE pd=UNITY_ENABLE_REFLECTION_BUFFERS UNITY_PBS_USE_BRDF1 UNITY_SPECCUBE_BOX_PROJECTION UNITY_SPECCUBE_BLENDING SHADER_API_DESKTOP UNITY_COLORSPACE_GAMMA ok=0
Cmd: compileSnippet
  error: 2 plat 4 at Assets/Plugins/LightingStuff/Resources/Shaders/HxVolumetricLightCore.cginc(4): failed to open source file: 'Assets/Plugins/HxVolumetricLighting/Resources/Shaders/HxQualitySettings.cginc'\nCompiling Fragment program with DENSITYPARTICLES_ON SHADOWS_NATIVE
Platform defines: UNITY_ENABLE_REFLECTION_BUFFERS UNITY_PBS_USE_BRDF1 UNITY_SPECCUBE_BOX_PROJECTION UNITY_SPECCUBE_BLENDING SHADER_API_DESKTOP UNITY_COLORSPACE_GAMMA
  error: 1 plat 4 at D:/Unity/Editor/Data/CGIncludes/HLSLSupport.cginc(236): 'SHADOWS_NATIVE' : macro redefinition\nCompiling Fragment program with DENSITYPARTICLES_ON SHADOWS_NATIVE
Platform defines: UNITY_ENABLE_REFLECTION_BUFFERS UNITY_PBS_USE_BRDF1 UNITY_SPECCUBE_BOX_PROJECTION UNITY_SPECCUBE_BLENDING SHADER_API_DESKTOP UNITY_COLORSPACE_GAMMA
  api=4 type=1 insize=22311 outsize=0 kw=DENSITYPARTICLES_ON SHADOWS_NATIVE pd=UNITY_ENABLE_REFLECTION_BUFFERS UNITY_PBS_USE_BRDF1 UNITY_SPECCUBE_BOX_PROJECTION UNITY_SPECCUBE_BLENDING SHADER_API_DESKTOP UNITY_COLORSPACE_GAMMA ok=0
Cmd: compileSnippet
  error: 2 plat 4 at Assets/Plugins/LightingStuff/Resources/Shaders/HxVolumetricLightCore.cginc(4): failed to open source file: 'Assets/Plugins/HxVolumetricLighting/Resources/Shaders/HxQualitySettings.cginc'\nCompiling Vertex program with DENSITYPARTICLES_ON SHADOWS_NATIVE
Platform defines: UNITY_ENABLE_REFLECTION_BUFFERS UNITY_PBS_USE_BRDF1 UNITY_SPECCUBE_BOX_PROJECTION UNITY_SPECCUBE_BLENDING SHADER_API_DESKTOP UNITY_COLORSPACE_GAMMA
  error: 1 plat 4 at D:/Unity/Editor/Data/CGIncludes/HLSLSupport.cginc(236): 'SHADOWS_NATIVE' : macro redefinition\nCompiling Vertex program with DENSITYPARTICLES_ON SHADOWS_NATIVE
Platform defines: UNITY_ENABLE_REFLECTION_BUFFERS UNITY_PBS_USE_BRDF1 UNITY_SPECCUBE_BOX_PROJECTION UNITY_SPECCUBE_BLENDING SHADER_API_DESKTOP UNITY_COLORSPACE_GAMMA
  api=4 type=0 insize=22311 outsize=0 kw=DENSITYPARTICLES_ON SHADOWS_NATIVE pd=UNITY_ENABLE_REFLECTION_BUFFERS UNITY_PBS_USE_BRDF1 UNITY_SPECCUBE_BOX_PROJECTION UNITY_SPECCUBE_BLENDING SHADER_API_DESKTOP UNITY_COLORSPACE_GAMMA ok=0
Cmd: compileSnippet
  error: 2 plat 4 at Assets/Plugins/LightingStuff/Resources/Shaders/HxVolumetricLightCore.cginc(4): failed to open source file: 'Assets/Plugins/HxVolumetricLighting/Resources/Shaders/HxQualitySettings.cginc'\nCompiling Fragment program with DENSITYPARTICLES_ON SHADOWS_NATIVE
Platform defines: UNITY_ENABLE_REFLECTION_BUFFERS UNITY_PBS_USE_BRDF1 UNITY_SPECCUBE_BOX_PROJECTION UNITY_SPECCUBE_BLENDING SHADER_API_DESKTOP UNITY_COLORSPACE_GAMMA
  error: 1 plat 4 at D:/Unity/Editor/Data/CGIncludes/HLSLSupport.cginc(236): 'SHADOWS_NATIVE' : macro redefinition\nCompiling Fragment program with DENSITYPARTICLES_ON SHADOWS_NATIVE
Platform defines: UNITY_ENABLE_REFLECTION_BUFFERS UNITY_PBS_USE_BRDF1 UNITY_SPECCUBE_BOX_PROJECTION UNITY_SPECCUBE_BLENDING SHADER_API_DESKTOP UNITY_COLORSPACE_GAMMA
  api=4 type=1 insize=22311 outsize=0 kw=DENSITYPARTICLES_ON SHADOWS_NATIVE pd=UNITY_ENABLE_REFLECTION_BUFFERS UNITY_PBS_USE_BRDF1 UNITY_SPECCUBE_BOX_PROJECTION UNITY_SPECCUBE_BLENDING SHADER_API_DESKTOP UNITY_COLORSPACE_GAMMA ok=0
Cmd: compileSnippet
  error: 2 plat 4 at Assets/Plugins/LightingStuff/Resources/Shaders/HxVolumetricLightCore.cginc(4): failed to open source file: 'Assets/Plugins/HxVolumetricLighting/Resources/Shaders/HxQualitySettings.cginc'\nCompiling Vertex program with POINT_COOKIE DENSITYPARTICLES_ON
Platform defines: UNITY_ENABLE_REFLECTION_BUFFERS UNITY_PBS_USE_BRDF1 UNITY_SPECCUBE_BOX_PROJECTION UNITY_SPECCUBE_BLENDING SHADER_API_DESKTOP UNITY_COLORSPACE_GAMMA
  api=4 type=0 insize=9652 outsize=0 kw=POINT_COOKIE DENSITYPARTICLES_ON pd=UNITY_ENABLE_REFLECTION_BUFFERS UNITY_PBS_USE_BRDF1 UNITY_SPECCUBE_BOX_PROJECTION UNITY_SPECCUBE_BLENDING SHADER_API_DESKTOP UNITY_COLORSPACE_GAMMA ok=0
Cmd: compileSnippet
  error: 2 plat 4 at Assets/Plugins/LightingStuff/Resources/Shaders/HxVolumetricLightCore.cginc(4): failed to open source file: 'Assets/Plugins/HxVolumetricLighting/Resources/Shaders/HxQualitySettings.cginc'\nCompiling Fragment program with POINT_COOKIE DENSITYPARTICLES_ON
Platform defines: UNITY_ENABLE_REFLECTION_BUFFERS UNITY_PBS_USE_BRDF1 UNITY_SPECCUBE_BOX_PROJECTION UNITY_SPECCUBE_BLENDING SHADER_API_DESKTOP UNITY_COLORSPACE_GAMMA
  api=4 type=1 insize=9652 outsize=0 kw=POINT_COOKIE DENSITYPARTICLES_ON pd=UNITY_ENABLE_REFLECTION_BUFFERS UNITY_PBS_USE_BRDF1 UNITY_SPECCUBE_BOX_PROJECTION UNITY_SPECCUBE_BLENDING SHADER_API_DESKTOP UNITY_COLORSPACE_GAMMA ok=0
Cmd: compileSnippet
  error: 2 plat 4 at Assets/Plugins/LightingStuff/Resources/Shaders/HxVolumetricLightCore.cginc(4): failed to open source file: 'Assets/Plugins/HxVolumetricLighting/Resources/Shaders/HxQualitySettings.cginc'\nCompiling Vertex program with POINT_COOKIE DENSITYPARTICLES_ON
Platform defines: UNITY_ENABLE_REFLECTION_BUFFERS UNITY_PBS_USE_BRDF1 UNITY_SPECCUBE_BOX_PROJECTION UNITY_SPECCUBE_BLENDING SHADER_API_DESKTOP UNITY_COLORSPACE_GAMMA
  api=4 type=0 insize=9653 outsize=0 kw=POINT_COOKIE DENSITYPARTICLES_ON pd=UNITY_ENABLE_REFLECTION_BUFFERS UNITY_PBS_USE_BRDF1 UNITY_SPECCUBE_BOX_PROJECTION UNITY_SPECCUBE_BLENDING SHADER_API_DESKTOP UNITY_COLORSPACE_GAMMA ok=0
Cmd: compileSnippet
  error: 2 plat 4 at Assets/Plugins/LightingStuff/Resources/Shaders/HxVolumetricLightCore.cginc(4): failed to open source file: 'Assets/Plugins/HxVolumetricLighting/Resources/Shaders/HxQualitySettings.cginc'\nCompiling Fragment program with POINT_COOKIE DENSITYPARTICLES_ON
Platform defines: UNITY_ENABLE_REFLECTION_BUFFERS UNITY_PBS_USE_BRDF1 UNITY_SPECCUBE_BOX_PROJECTION UNITY_SPECCUBE_BLENDING SHADER_API_DESKTOP UNITY_COLORSPACE_GAMMA
  api=4 type=1 insize=9653 outsize=0 kw=POINT_COOKIE DENSITYPARTICLES_ON pd=UNITY_ENABLE_REFLECTION_BUFFERS UNITY_PBS_USE_BRDF1 UNITY_SPECCUBE_BOX_PROJECTION UNITY_SPECCUBE_BLENDING SHADER_API_DESKTOP UNITY_COLORSPACE_GAMMA ok=0
Cmd: compileSnippet
  error: 2 plat 4 at Assets/Plugins/LightingStuff/Resources/Shaders/HxVolumetricLightCore.cginc(4): failed to open source file: 'Assets/Plugins/HxVolumetricLighting/Resources/Shaders/HxQualitySettings.cginc'\nCompiling Vertex program
Platform defines: UNITY_ENABLE_REFLECTION_BUFFERS UNITY_PBS_USE_BRDF1 UNITY_SPECCUBE_BOX_PROJECTION UNITY_SPECCUBE_BLENDING SHADER_API_DESKTOP UNITY_COLORSPACE_GAMMA
  api=4 type=0 insize=22631 outsize=0 kw= pd=UNITY_ENABLE_REFLECTION_BUFFERS UNITY_PBS_USE_BRDF1 UNITY_SPECCUBE_BOX_PROJECTION UNITY_SPECCUBE_BLENDING SHADER_API_DESKTOP UNITY_COLORSPACE_GAMMA ok=0
Cmd: compileSnippet
  error: 2 plat 4 at Assets/Plugins/LightingStuff/Resources/Shaders/HxVolumetricLightCore.cginc(4): failed to open source file: 'Assets/Plugins/HxVolumetricLighting/Resources/Shaders/HxQualitySettings.cginc'\nCompiling Fragment program
Platform defines: UNITY_ENABLE_REFLECTION_BUFFERS UNITY_PBS_USE_BRDF1 UNITY_SPECCUBE_BOX_PROJECTION UNITY_SPECCUBE_BLENDING SHADER_API_DESKTOP UNITY_COLORSPACE_GAMMA
  api=4 type=1 insize=22631 outsize=0 kw= pd=UNITY_ENABLE_REFLECTION_BUFFERS UNITY_PBS_USE_BRDF1 UNITY_SPECCUBE_BOX_PROJECTION UNITY_SPECCUBE_BLENDING SHADER_API_DESKTOP UNITY_COLORSPACE_GAMMA ok=0
Cmd: compileSnippet
  error: 2 plat 4 at Assets/Plugins/LightingStuff/Resources/Shaders/HxVolumetricLightCore.cginc(4): failed to open source file: 'Assets/Plugins/HxVolumetricLighting/Resources/Shaders/HxQualitySettings.cginc'\nCompiling Vertex program
Platform defines: UNITY_ENABLE_REFLECTION_BUFFERS UNITY_PBS_USE_BRDF1 UNITY_SPECCUBE_BOX_PROJECTION UNITY_SPECCUBE_BLENDING SHADER_API_DESKTOP UNITY_COLORSPACE_GAMMA
  api=4 type=0 insize=22628 outsize=0 kw= pd=UNITY_ENABLE_REFLECTION_BUFFERS UNITY_PBS_USE_BRDF1 UNITY_SPECCUBE_BOX_PROJECTION UNITY_SPECCUBE_BLENDING SHADER_API_DESKTOP UNITY_COLORSPACE_GAMMA ok=0
Cmd: compileSnippet
  error: 2 plat 4 at Assets/Plugins/LightingStuff/Resources/Shaders/HxVolumetricLightCore.cginc(4): failed to open source file: 'Assets/Plugins/HxVolumetricLighting/Resources/Shaders/HxQualitySettings.cginc'\nCompiling Fragment program
Platform defines: UNITY_ENABLE_REFLECTION_BUFFERS UNITY_PBS_USE_BRDF1 UNITY_SPECCUBE_BOX_PROJECTION UNITY_SPECCUBE_BLENDING SHADER_API_DESKTOP UNITY_COLORSPACE_GAMMA
  api=4 type=1 insize=22628 outsize=0 kw= pd=UNITY_ENABLE_REFLECTION_BUFFERS UNITY_PBS_USE_BRDF1 UNITY_SPECCUBE_BOX_PROJECTION UNITY_SPECCUBE_BLENDING SHADER_API_DESKTOP UNITY_COLORSPACE_GAMMA ok=0
Cmd: compileSnippet
  error: 2 plat 4 at Assets/Plugins/LightingStuff/Resources/Shaders/HxVolumetricLightCore.cginc(4): failed to open source file: 'Assets/Plugins/HxVolumetricLighting/Resources/Shaders/HxQualitySettings.cginc'\nCompiling Vertex program
Platform defines: UNITY_ENABLE_REFLECTION_BUFFERS UNITY_PBS_USE_BRDF1 UNITY_SPECCUBE_BOX_PROJECTION UNITY_SPECCUBE_BLENDING SHADER_API_DESKTOP UNITY_COLORSPACE_GAMMA
  api=4 type=0 insize=22628 outsize=0 kw= pd=UNITY_ENABLE_REFLECTION_BUFFERS UNITY_PBS_USE_BRDF1 UNITY_SPECCUBE_BOX_PROJECTION UNITY_SPECCUBE_BLENDING SHADER_API_DESKTOP UNITY_COLORSPACE_GAMMA ok=0
Cmd: compileSnippet
  error: 2 plat 4 at Assets/Plugins/LightingStuff/Resources/Shaders/HxVolumetricLightCore.cginc(4): failed to open source file: 'Assets/Plugins/HxVolumetricLighting/Resources/Shaders/HxQualitySettings.cginc'\nCompiling Fragment program
Platform defines: UNITY_ENABLE_REFLECTION_BUFFERS UNITY_PBS_USE_BRDF1 UNITY_SPECCUBE_BOX_PROJECTION UNITY_SPECCUBE_BLENDING SHADER_API_DESKTOP UNITY_COLORSPACE_GAMMA
  api=4 type=1 insize=22628 outsize=0 kw= pd=UNITY_ENABLE_REFLECTION_BUFFERS UNITY_PBS_USE_BRDF1 UNITY_SPECCUBE_BOX_PROJECTION UNITY_SPECCUBE_BLENDING SHADER_API_DESKTOP UNITY_COLORSPACE_GAMMA ok=0
